2020-08-20 14:17:39,775 aibaidu.py[line:20] INFO 开始调用百度接口进行语音合成
2020-08-20 14:17:39,777 aibaidu.py[line:23] INFO 保存生成的mp3文件路径： D:\Python_Project\Speech_merge\Result/你好.mp3
2020-08-20 14:17:40,233 aibaidu.py[line:31] INFO 百度接口返回正确，保存成mp3,并返回True
2020-08-20 14:18:25,184 aibaidu.py[line:20] INFO 开始调用百度接口进行语音合成
2020-08-20 14:18:25,184 aibaidu.py[line:23] INFO 保存生成的mp3文件路径： D:\Python_Project\Speech_merge\Result/你好.mp3
2020-08-20 14:20:46,104 aibaidu.py[line:20] INFO 开始调用百度接口进行语音合成
2020-08-20 14:20:46,105 aibaidu.py[line:23] INFO 保存生成的mp3文件路径： D:\Python_Project\Speech_merge\Result/你好.mp3
2020-08-20 14:20:46,306 aibaidu.py[line:30] ERROR 百度接口报错，出现异常，异常信息如下,并返回False
2020-08-20 14:20:46,307 aibaidu.py[line:31] ERROR 'access_token'
2020-08-20 14:20:59,310 aibaidu.py[line:20] INFO 开始调用百度接口进行语音合成
2020-08-20 14:20:59,311 aibaidu.py[line:23] INFO 保存生成的mp3文件路径： D:\Python_Project\Speech_merge\Result/你好.mp3
2020-08-20 14:20:59,700 aibaidu.py[line:35] INFO 百度接口返回正确，保存成mp3,并返回True
2020-08-21 11:06:08,200 operate_excel.py[line:47] INFO 结果以字典格式保存：[[2, 1, '今天天气怎么样'], [3, 1, '青岛天气怎么样'], [4, 1, '西安天气怎么样']]
2020-08-21 13:41:05,857 operate_excel.py[line:47] INFO 结果以字典格式保存：[[2, 1, '今天天气怎么样'], [3, 1, '青岛天气怎么样'], [4, 1, '西安天气怎么样']]
2020-08-21 13:41:34,246 operate_excel.py[line:47] INFO 结果以字典格式保存：[[2, 1, '今天天气怎么样'], [3, 1, '青岛天气怎么样'], [4, 1, '西安天气怎么样']]
2020-08-21 13:41:44,260 operate_excel.py[line:47] INFO 结果以字典格式保存：[[2, 1, '今天天气怎么样'], [3, 1, '青岛天气怎么样'], [4, 1, '西安天气怎么样']]
2020-08-21 14:13:14,380 operate_excel.py[line:47] INFO 结果以字典格式保存：[[2, 1, '今天天气怎么样'], [3, 1, '青岛天气怎么样'], [4, 1, '西安天气怎么样']]
2020-08-21 14:17:49,166 operate_excel.py[line:47] INFO 结果以字典格式保存：[[2, 1, '今天天气怎么样'], [3, 1, '青岛天气怎么样'], [4, 1, '西安天气怎么样']]
2020-08-21 14:20:39,109 operate_excel.py[line:47] INFO 结果以字典格式保存：[[2, 1, '今天天气怎么样'], [3, 1, '青岛天气怎么样'], [4, 1, '西安天气怎么样']]
2020-08-21 14:20:39,110 aibaidu.py[line:20] INFO 开始调用百度接口进行语音合成
2020-08-21 14:20:39,112 aibaidu.py[line:23] INFO 保存生成的mp3文件路径： D:\Python_Project\Speech_merge\Result/今天天气怎么样.mp3
2020-08-21 14:20:39,711 aibaidu.py[line:35] INFO 百度接口返回正确，保存成mp3,并返回True
2020-08-21 14:21:30,973 operate_excel.py[line:47] INFO 结果以字典格式保存：[[2, 1, '今天天气怎么样'], [3, 1, '青岛天气怎么样'], [4, 1, '西安天气怎么样']]
2020-08-21 14:21:30,973 aibaidu.py[line:20] INFO 开始调用百度接口进行语音合成
2020-08-21 14:21:30,974 aibaidu.py[line:23] INFO 保存生成的mp3文件路径： D:\Python_Project\Speech_merge\Result/今天天气怎么样.mp3
2020-08-21 14:21:31,345 aibaidu.py[line:35] INFO 百度接口返回正确，保存成mp3,并返回True
2020-08-21 14:21:32,392 aibaidu.py[line:20] INFO 开始调用百度接口进行语音合成
2020-08-21 14:21:32,392 aibaidu.py[line:23] INFO 保存生成的mp3文件路径： D:\Python_Project\Speech_merge\Result/青岛天气怎么样.mp3
2020-08-21 14:21:32,607 aibaidu.py[line:35] INFO 百度接口返回正确，保存成mp3,并返回True
2020-08-21 14:21:33,661 aibaidu.py[line:20] INFO 开始调用百度接口进行语音合成
2020-08-21 14:21:33,661 aibaidu.py[line:23] INFO 保存生成的mp3文件路径： D:\Python_Project\Speech_merge\Result/西安天气怎么样.mp3
2020-08-21 14:21:33,883 aibaidu.py[line:35] INFO 百度接口返回正确，保存成mp3,并返回True
2020-08-21 15:58:13,180 operate_excel.py[line:47] INFO 结果以字典格式保存：[[2, 1, '今天天气怎么样'], [3, 1, '青岛天气怎么样'], [4, 1, '西安天气怎么样']]
2020-08-21 15:58:13,187 aibaidu.py[line:20] INFO 开始调用百度接口进行语音合成
2020-08-21 15:58:13,188 aibaidu.py[line:26] INFO 保存生成的mp3文件路径： D:\Python_Project\Speech_merge\Result/今天天气怎么样.mp3
2020-08-21 15:58:13,738 aibaidu.py[line:38] INFO 百度接口返回正确，保存成mp3,并返回True
2020-08-21 15:58:14,805 aibaidu.py[line:20] INFO 开始调用百度接口进行语音合成
2020-08-21 15:58:14,805 aibaidu.py[line:26] INFO 保存生成的mp3文件路径： D:\Python_Project\Speech_merge\Result/青岛天气怎么样.mp3
2020-08-21 15:58:14,933 aibaidu.py[line:38] INFO 百度接口返回正确，保存成mp3,并返回True
2020-08-21 15:58:15,974 aibaidu.py[line:20] INFO 开始调用百度接口进行语音合成
2020-08-21 15:58:15,974 aibaidu.py[line:26] INFO 保存生成的mp3文件路径： D:\Python_Project\Speech_merge\Result/西安天气怎么样.mp3
2020-08-21 15:58:16,155 aibaidu.py[line:38] INFO 百度接口返回正确，保存成mp3,并返回True
2020-08-21 15:58:59,843 operate_excel.py[line:47] INFO 结果以字典格式保存：[[2, 1, '今天天气怎么样'], [3, 1, '青岛天气怎么样'], [4, 1, '西安天气怎么样']]
2020-08-21 15:58:59,844 aibaidu.py[line:20] INFO 开始调用百度接口进行语音合成
2020-08-21 15:58:59,844 aibaidu.py[line:26] INFO 保存生成的mp3文件路径： C:\Users\weiwei\Desktop\电热水器语音通用模块R328 V1.2.0版本提测质量部\今天天气怎么样.mp3
2020-08-21 15:59:00,172 aibaidu.py[line:38] INFO 百度接口返回正确，保存成mp3,并返回True
2020-08-21 15:59:01,224 aibaidu.py[line:20] INFO 开始调用百度接口进行语音合成
2020-08-21 15:59:01,224 aibaidu.py[line:26] INFO 保存生成的mp3文件路径： C:\Users\weiwei\Desktop\电热水器语音通用模块R328 V1.2.0版本提测质量部\青岛天气怎么样.mp3
2020-08-21 15:59:01,524 aibaidu.py[line:38] INFO 百度接口返回正确，保存成mp3,并返回True
2020-08-21 15:59:02,578 aibaidu.py[line:20] INFO 开始调用百度接口进行语音合成
2020-08-21 15:59:02,578 aibaidu.py[line:26] INFO 保存生成的mp3文件路径： C:\Users\weiwei\Desktop\电热水器语音通用模块R328 V1.2.0版本提测质量部\西安天气怎么样.mp3
2020-08-21 15:59:02,733 aibaidu.py[line:38] INFO 百度接口返回正确，保存成mp3,并返回True
2020-08-21 16:17:42,248 operate_excel.py[line:47] INFO 结果以字典格式保存：[[2, 1, '今天天气怎么样'], [3, 1, '青岛天气怎么样'], [4, 1, '西安天气怎么样']]
2020-08-21 16:17:42,251 aibaidu.py[line:20] INFO 开始调用百度接口进行语音合成
2020-08-21 16:17:42,251 aibaidu.py[line:26] INFO 保存生成的mp3文件路径： C:\Users\weiwei\Desktop\电热水器语音通用模块R328 V1.2.0版本提测质量部\今天天气怎么样.mp3
2020-08-21 16:17:42,783 aibaidu.py[line:38] INFO 百度接口返回正确，保存成mp3,并返回True
2020-08-21 16:17:43,857 aibaidu.py[line:20] INFO 开始调用百度接口进行语音合成
2020-08-21 16:17:43,857 aibaidu.py[line:26] INFO 保存生成的mp3文件路径： C:\Users\weiwei\Desktop\电热水器语音通用模块R328 V1.2.0版本提测质量部\青岛天气怎么样.mp3
2020-08-21 16:17:44,056 aibaidu.py[line:38] INFO 百度接口返回正确，保存成mp3,并返回True
2020-08-21 16:17:45,097 aibaidu.py[line:20] INFO 开始调用百度接口进行语音合成
2020-08-21 16:17:45,097 aibaidu.py[line:26] INFO 保存生成的mp3文件路径： C:\Users\weiwei\Desktop\电热水器语音通用模块R328 V1.2.0版本提测质量部\西安天气怎么样.mp3
2020-08-21 16:17:45,296 aibaidu.py[line:38] INFO 百度接口返回正确，保存成mp3,并返回True
2020-08-21 16:18:02,908 operate_excel.py[line:47] INFO 结果以字典格式保存：[[2, 1, '今天天气怎么样'], [3, 1, '青岛天气怎么样'], [4, 1, '西安天气怎么样']]
2020-08-21 16:18:02,908 aibaidu.py[line:20] INFO 开始调用百度接口进行语音合成
2020-08-21 16:18:02,909 aibaidu.py[line:26] INFO 保存生成的mp3文件路径： C:\Users\weiwei\Desktop\电热水器语音通用模块R328 V1.2.0版本提测质量部\今天天气怎么样.mp3
2020-08-21 16:18:03,326 aibaidu.py[line:38] INFO 百度接口返回正确，保存成mp3,并返回True
2020-08-21 16:18:04,365 aibaidu.py[line:20] INFO 开始调用百度接口进行语音合成
2020-08-21 16:18:04,365 aibaidu.py[line:26] INFO 保存生成的mp3文件路径： C:\Users\weiwei\Desktop\电热水器语音通用模块R328 V1.2.0版本提测质量部\青岛天气怎么样.mp3
2020-08-21 16:18:04,530 aibaidu.py[line:38] INFO 百度接口返回正确，保存成mp3,并返回True
2020-08-21 16:18:05,569 aibaidu.py[line:20] INFO 开始调用百度接口进行语音合成
2020-08-21 16:18:05,569 aibaidu.py[line:26] INFO 保存生成的mp3文件路径： C:\Users\weiwei\Desktop\电热水器语音通用模块R328 V1.2.0版本提测质量部\西安天气怎么样.mp3
2020-08-21 16:18:05,758 aibaidu.py[line:38] INFO 百度接口返回正确，保存成mp3,并返回True
2020-08-21 16:18:46,306 operate_excel.py[line:47] INFO 结果以字典格式保存：[[2, 1, '今天天气怎么样'], [3, 1, '青岛天气怎么样'], [4, 1, '西安天气怎么样']]
2020-08-21 16:18:46,306 aibaidu.py[line:20] INFO 开始调用百度接口进行语音合成
2020-08-21 16:18:46,306 aibaidu.py[line:26] INFO 保存生成的mp3文件路径： C:\Users\weiwei\Desktop\电热水器语音通用模块R328 V1.2.0版本提测质量部\今天天气怎么样.mp3
2020-08-21 16:18:46,684 aibaidu.py[line:38] INFO 百度接口返回正确，保存成mp3,并返回True
2020-08-21 16:18:47,726 aibaidu.py[line:20] INFO 开始调用百度接口进行语音合成
2020-08-21 16:18:47,726 aibaidu.py[line:26] INFO 保存生成的mp3文件路径： C:\Users\weiwei\Desktop\电热水器语音通用模块R328 V1.2.0版本提测质量部\青岛天气怎么样.mp3
2020-08-21 16:18:48,088 aibaidu.py[line:38] INFO 百度接口返回正确，保存成mp3,并返回True
2020-08-21 16:18:49,127 aibaidu.py[line:20] INFO 开始调用百度接口进行语音合成
2020-08-21 16:18:49,127 aibaidu.py[line:26] INFO 保存生成的mp3文件路径： C:\Users\weiwei\Desktop\电热水器语音通用模块R328 V1.2.0版本提测质量部\西安天气怎么样.mp3
2020-08-21 16:18:49,289 aibaidu.py[line:38] INFO 百度接口返回正确，保存成mp3,并返回True
2020-08-21 16:20:38,722 operate_excel.py[line:47] INFO 结果以字典格式保存：[[2, 1, '今天天气怎么样'], [3, 1, '青岛天气怎么样'], [4, 1, '西安天气怎么样']]
2020-08-21 16:20:38,723 aibaidu.py[line:20] INFO 开始调用百度接口进行语音合成
2020-08-21 16:20:38,723 aibaidu.py[line:26] INFO 保存生成的mp3文件路径： C:\Users\weiwei\Desktop\电热水器语音通用模块R328 V1.2.0版本提测质量部\今天天气怎么样.mp3
2020-08-21 16:20:39,126 aibaidu.py[line:38] INFO 百度接口返回正确，保存成mp3,并返回True
2020-08-21 16:20:40,173 aibaidu.py[line:20] INFO 开始调用百度接口进行语音合成
2020-08-21 16:20:40,173 aibaidu.py[line:26] INFO 保存生成的mp3文件路径： C:\Users\weiwei\Desktop\电热水器语音通用模块R328 V1.2.0版本提测质量部\青岛天气怎么样.mp3
2020-08-21 16:20:40,476 aibaidu.py[line:38] INFO 百度接口返回正确，保存成mp3,并返回True
2020-08-21 16:20:41,517 aibaidu.py[line:20] INFO 开始调用百度接口进行语音合成
2020-08-21 16:20:41,518 aibaidu.py[line:26] INFO 保存生成的mp3文件路径： C:\Users\weiwei\Desktop\电热水器语音通用模块R328 V1.2.0版本提测质量部\西安天气怎么样.mp3
2020-08-21 16:20:41,770 aibaidu.py[line:38] INFO 百度接口返回正确，保存成mp3,并返回True
2020-08-21 16:22:03,367 operate_excel.py[line:47] INFO 结果以字典格式保存：[[2, 1, '今天天气怎么样'], [3, 1, '青岛天气怎么样'], [4, 1, '西安天气怎么样']]
2020-08-21 16:22:03,367 aibaidu.py[line:20] INFO 开始调用百度接口进行语音合成
2020-08-21 16:22:03,367 aibaidu.py[line:26] INFO 保存生成的mp3文件路径： D:\Python_Project\Speech_merge\Result/今天天气怎么样.mp3
2020-08-21 16:22:03,724 aibaidu.py[line:38] INFO 百度接口返回正确，保存成mp3,并返回True
2020-08-21 16:22:04,767 aibaidu.py[line:20] INFO 开始调用百度接口进行语音合成
2020-08-21 16:22:04,767 aibaidu.py[line:26] INFO 保存生成的mp3文件路径： D:\Python_Project\Speech_merge\Result/青岛天气怎么样.mp3
2020-08-21 16:22:04,956 aibaidu.py[line:38] INFO 百度接口返回正确，保存成mp3,并返回True
2020-08-21 16:22:06,009 aibaidu.py[line:20] INFO 开始调用百度接口进行语音合成
2020-08-21 16:22:06,009 aibaidu.py[line:26] INFO 保存生成的mp3文件路径： D:\Python_Project\Speech_merge\Result/西安天气怎么样.mp3
2020-08-21 16:22:06,284 aibaidu.py[line:38] INFO 百度接口返回正确，保存成mp3,并返回True
2020-08-24 13:38:38,118 sppech_merge_ui.py[line:36] INFO Excel Path: 
2020-08-24 13:39:07,791 sppech_merge_ui.py[line:36] INFO Excel Path: C:/Users/weiwei/Desktop/语音/App/App语料/result_2020_08_06_14_47_42.xlsx
2020-08-24 13:56:34,901 sppech_merge_ui.py[line:36] INFO Excel Path: C:/Users/weiwei/Desktop/语音/App/App语料/result_2020_08_06_14_54_27.xlsx
2020-08-24 13:56:37,684 sppech_merge_ui.py[line:47] INFO 结果保存路径： C:/Users/weiwei/Desktop/语音/App/App语料
2020-08-24 14:01:49,321 sppech_merge_ui.py[line:36] INFO Excel Path: C:/Users/weiwei/Desktop/语音/App/App语料/result_2020_08_06_14_47_42.xlsx
2020-08-24 14:01:52,117 sppech_merge_ui.py[line:47] INFO 结果保存路径： C:/Users/weiwei/Desktop/语音/App/App语料
2020-08-24 14:01:53,288 sppech_merge_ui.py[line:51] INFO 点击开始合成按钮，开始语料的合成
2020-08-24 14:01:53,294 sppech_merge_ui.py[line:53] INFO 获取到的Excel路径: C:/Users/weiwei/Desktop/语音/App/App语料/result_2020_08_06_14_47_42.xlsx
2020-08-24 14:01:53,294 sppech_merge_ui.py[line:56] INFO 结果保存路径： C:/Users/weiwei/Desktop/语音/App/App语料
2020-08-24 14:02:36,119 sppech_merge_ui.py[line:36] INFO Excel Path: C:/Users/weiwei/Desktop/语音/App/App语料/result_2020_08_06_14_47_42.xlsx
2020-08-24 14:02:38,372 sppech_merge_ui.py[line:47] INFO 结果保存路径： C:/Users/weiwei/Desktop/语音/App/App语料
2020-08-24 14:02:39,393 sppech_merge_ui.py[line:51] INFO 点击开始合成按钮，开始语料的合成
2020-08-24 14:02:39,394 sppech_merge_ui.py[line:54] INFO 获取到的Excel路径: PY_VAR0
2020-08-24 14:02:39,394 sppech_merge_ui.py[line:58] INFO 结果保存路径： PY_VAR1
2020-08-24 14:22:28,805 sppech_merge_ui.py[line:37] INFO Excel Path: C:/Users/weiwei/Desktop/语料合成/语料.xlsx
2020-08-24 14:22:32,305 sppech_merge_ui.py[line:48] INFO 结果保存路径： C:/Users/weiwei/Desktop/语料合成
2020-08-24 14:22:35,805 sppech_merge_ui.py[line:56] INFO 点击开始合成按钮，开始语料的合成
2020-08-24 14:22:35,805 sppech_merge_ui.py[line:58] INFO 获取到的Excel路径: C:/Users/weiwei/Desktop/语料合成/语料.xlsx
2020-08-24 14:22:35,805 sppech_merge_ui.py[line:61] INFO 结果保存路径： C:/Users/weiwei/Desktop/语料合成
2020-08-24 14:22:35,852 operate_excel.py[line:47] INFO 结果以字典格式保存：[[2, 1, '今天天气怎么样'], [3, 1, '青岛天气怎么样'], [4, 1, '西安天气怎么样']]
2020-08-24 14:22:35,853 aibaidu.py[line:20] INFO 开始调用百度接口进行语音合成
2020-08-24 14:22:35,853 aibaidu.py[line:26] INFO 保存生成的mp3文件路径： C:/Users/weiwei/Desktop/语料合成\今天天气怎么样.mp3
2020-08-24 14:22:36,489 aibaidu.py[line:38] INFO 百度接口返回正确，保存成mp3,并返回True
2020-08-24 14:22:37,536 aibaidu.py[line:20] INFO 开始调用百度接口进行语音合成
2020-08-24 14:22:37,536 aibaidu.py[line:26] INFO 保存生成的mp3文件路径： C:/Users/weiwei/Desktop/语料合成\青岛天气怎么样.mp3
2020-08-24 14:22:37,773 aibaidu.py[line:38] INFO 百度接口返回正确，保存成mp3,并返回True
2020-08-24 14:22:38,811 aibaidu.py[line:20] INFO 开始调用百度接口进行语音合成
2020-08-24 14:22:38,811 aibaidu.py[line:26] INFO 保存生成的mp3文件路径： C:/Users/weiwei/Desktop/语料合成\西安天气怎么样.mp3
2020-08-24 14:22:39,204 aibaidu.py[line:38] INFO 百度接口返回正确，保存成mp3,并返回True
2020-08-24 14:29:30,758 sppech_merge_ui.py[line:37] INFO Excel Path: C:/Users/weiwei/Desktop/语料合成/语料.xlsx
2020-08-24 14:29:35,884 sppech_merge_ui.py[line:48] INFO 结果保存路径： C:/Users/weiwei/Desktop/语料合成/语料
2020-08-24 14:29:36,622 sppech_merge_ui.py[line:56] INFO 点击开始合成按钮，开始语料的合成
2020-08-24 14:29:36,623 sppech_merge_ui.py[line:58] INFO 获取到的Excel路径: C:/Users/weiwei/Desktop/语料合成/语料.xlsx
2020-08-24 14:29:36,623 sppech_merge_ui.py[line:61] INFO 结果保存路径： C:/Users/weiwei/Desktop/语料合成/语料
2020-08-24 14:30:18,480 sppech_merge_ui.py[line:37] INFO Excel Path: C:/Users/weiwei/Desktop/语料合成/语料.xlsx
2020-08-24 14:30:21,602 sppech_merge_ui.py[line:48] INFO 结果保存路径： C:/Users/weiwei/Desktop/语料合成/语料
2020-08-24 14:30:22,493 sppech_merge_ui.py[line:56] INFO 点击开始合成按钮，开始语料的合成
2020-08-24 14:30:22,493 sppech_merge_ui.py[line:58] INFO 获取到的Excel路径: C:/Users/weiwei/Desktop/语料合成/语料.xlsx
2020-08-24 14:30:22,493 sppech_merge_ui.py[line:61] INFO 结果保存路径： C:/Users/weiwei/Desktop/语料合成/语料
2020-08-24 14:30:22,525 operate_excel.py[line:47] INFO 结果以字典格式保存：[[2, 1, '今天天气怎么样'], [3, 1, '青岛天气怎么样'], [4, 1, '西安天气怎么样']]
2020-08-24 14:30:22,525 aibaidu.py[line:20] INFO 开始调用百度接口进行语音合成
2020-08-24 14:30:22,525 aibaidu.py[line:26] INFO 保存生成的mp3文件路径： C:/Users/weiwei/Desktop/语料合成/语料\今天天气怎么样.mp3
2020-08-24 14:30:22,947 aibaidu.py[line:38] INFO 百度接口返回正确，保存成mp3,并返回True
2020-08-24 14:30:23,992 aibaidu.py[line:20] INFO 开始调用百度接口进行语音合成
2020-08-24 14:30:23,992 aibaidu.py[line:26] INFO 保存生成的mp3文件路径： C:/Users/weiwei/Desktop/语料合成/语料\青岛天气怎么样.mp3
2020-08-24 14:30:24,170 aibaidu.py[line:38] INFO 百度接口返回正确，保存成mp3,并返回True
2020-08-24 14:30:25,231 aibaidu.py[line:20] INFO 开始调用百度接口进行语音合成
2020-08-24 14:30:25,231 aibaidu.py[line:26] INFO 保存生成的mp3文件路径： C:/Users/weiwei/Desktop/语料合成/语料\西安天气怎么样.mp3
2020-08-24 14:30:25,437 aibaidu.py[line:38] INFO 百度接口返回正确，保存成mp3,并返回True
2020-08-24 14:31:06,484 sppech_merge_ui.py[line:56] INFO 点击开始合成按钮，开始语料的合成
2020-08-24 14:31:06,484 sppech_merge_ui.py[line:58] INFO 获取到的Excel路径: 
2020-08-24 14:31:06,484 sppech_merge_ui.py[line:61] INFO 结果保存路径： 
2020-08-24 14:31:06,590 operate_excel.py[line:47] INFO 结果以字典格式保存：[[2, 1, '今天天气怎么样'], [3, 1, '青岛天气怎么样'], [4, 1, '西安天气怎么样']]
2020-08-24 14:31:06,590 aibaidu.py[line:20] INFO 开始调用百度接口进行语音合成
2020-08-24 14:31:06,590 aibaidu.py[line:26] INFO 保存生成的mp3文件路径： D:\Python_Project\Speech_merge\Result/今天天气怎么样.mp3
2020-08-24 14:31:06,825 aibaidu.py[line:38] INFO 百度接口返回正确，保存成mp3,并返回True
2020-08-24 14:31:07,866 aibaidu.py[line:20] INFO 开始调用百度接口进行语音合成
2020-08-24 14:31:07,866 aibaidu.py[line:26] INFO 保存生成的mp3文件路径： D:\Python_Project\Speech_merge\Result/青岛天气怎么样.mp3
2020-08-24 14:31:08,198 aibaidu.py[line:38] INFO 百度接口返回正确，保存成mp3,并返回True
2020-08-24 14:31:09,236 aibaidu.py[line:20] INFO 开始调用百度接口进行语音合成
2020-08-24 14:31:09,236 aibaidu.py[line:26] INFO 保存生成的mp3文件路径： D:\Python_Project\Speech_merge\Result/西安天气怎么样.mp3
2020-08-24 14:31:09,459 aibaidu.py[line:38] INFO 百度接口返回正确，保存成mp3,并返回True
2020-08-24 15:51:28,869 sppech_merge_ui.py[line:37] INFO Excel Path: C:/Users/weiwei/Desktop/语料合成/语料.xlsx
2020-08-24 15:51:31,685 sppech_merge_ui.py[line:48] INFO 结果保存路径： C:/Users/weiwei/Desktop/语料合成/语料
2020-08-24 15:51:36,853 sppech_merge_ui.py[line:56] INFO 点击开始合成按钮，开始语料的合成
2020-08-24 15:51:36,853 sppech_merge_ui.py[line:58] INFO 获取到的Excel路径: C:/Users/weiwei/Desktop/语料合成/语料.xlsx
2020-08-24 15:51:36,853 sppech_merge_ui.py[line:61] INFO 结果保存路径： C:/Users/weiwei/Desktop/语料合成/语料
2020-08-24 15:51:36,879 operate_excel.py[line:47] INFO 结果以字典格式保存：[[2, 1, '今天天气怎么样'], [3, 1, '青岛天气怎么样'], [4, 1, '西安天气怎么样']]
2020-08-24 15:53:16,462 sppech_merge_ui.py[line:37] INFO Excel Path: C:/Users/weiwei/Desktop/语料合成/语料.xlsx
2020-08-24 15:53:19,774 sppech_merge_ui.py[line:48] INFO 结果保存路径： C:/Users/weiwei/Desktop/语料合成/语料
2020-08-24 15:53:20,525 sppech_merge_ui.py[line:56] INFO 点击开始合成按钮，开始语料的合成
2020-08-24 15:53:20,525 sppech_merge_ui.py[line:58] INFO 获取到的Excel路径: C:/Users/weiwei/Desktop/语料合成/语料.xlsx
2020-08-24 15:53:20,525 sppech_merge_ui.py[line:61] INFO 结果保存路径： C:/Users/weiwei/Desktop/语料合成/语料
2020-08-24 15:53:20,543 operate_excel.py[line:47] INFO 结果以字典格式保存：[[2, 1, '今天天气怎么样'], [3, 1, '青岛天气怎么样'], [4, 1, '西安天气怎么样']]
2020-08-24 15:53:20,549 handle.py[line:20] INFO 百度合成语料...今天天气怎么样

2020-08-24 15:53:20,549 aibaidu.py[line:20] INFO 开始调用百度接口进行语音合成
2020-08-24 15:53:20,551 aibaidu.py[line:26] INFO 保存生成的mp3文件路径： C:/Users/weiwei/Desktop/语料合成/语料\今天天气怎么样.mp3
2020-08-24 15:53:21,188 aibaidu.py[line:38] INFO 百度接口返回正确，保存成mp3,并返回True
2020-08-24 15:53:22,237 handle.py[line:20] INFO 百度合成语料...青岛天气怎么样

2020-08-24 15:53:22,237 aibaidu.py[line:20] INFO 开始调用百度接口进行语音合成
2020-08-24 15:53:22,237 aibaidu.py[line:26] INFO 保存生成的mp3文件路径： C:/Users/weiwei/Desktop/语料合成/语料\青岛天气怎么样.mp3
2020-08-24 15:53:22,529 aibaidu.py[line:38] INFO 百度接口返回正确，保存成mp3,并返回True
2020-08-24 15:53:23,572 handle.py[line:20] INFO 百度合成语料...西安天气怎么样

2020-08-24 15:53:23,572 aibaidu.py[line:20] INFO 开始调用百度接口进行语音合成
2020-08-24 15:53:23,572 aibaidu.py[line:26] INFO 保存生成的mp3文件路径： C:/Users/weiwei/Desktop/语料合成/语料\西安天气怎么样.mp3
2020-08-24 15:53:23,782 aibaidu.py[line:38] INFO 百度接口返回正确，保存成mp3,并返回True
2020-08-24 15:53:24,821 handle.py[line:28] INFO 语料合成结束，为语料生成txt文件...
2020-08-24 15:53:24,823 handle.py[line:32] INFO txt文件生成完成,语料合成完成
2020-08-24 15:53:47,261 sppech_merge_ui.py[line:37] INFO Excel Path: C:/Users/weiwei/Desktop/语料合成/语料.xlsx
2020-08-24 15:53:50,367 sppech_merge_ui.py[line:48] INFO 结果保存路径： C:/Users/weiwei/Desktop/语料合成/语料
2020-08-24 15:53:52,843 sppech_merge_ui.py[line:56] INFO 点击开始合成按钮，开始语料的合成
2020-08-24 15:53:52,843 sppech_merge_ui.py[line:58] INFO 获取到的Excel路径: C:/Users/weiwei/Desktop/语料合成/语料.xlsx
2020-08-24 15:53:52,843 sppech_merge_ui.py[line:61] INFO 结果保存路径： C:/Users/weiwei/Desktop/语料合成/语料
2020-08-24 15:53:52,862 operate_excel.py[line:47] INFO 结果以字典格式保存：[[2, 1, '今天天气怎么样'], [3, 1, '青岛天气怎么样'], [4, 1, '西安天气怎么样']]
2020-08-24 15:53:52,862 handle.py[line:20] INFO 百度合成语料...今天天气怎么样

2020-08-24 15:53:52,862 aibaidu.py[line:20] INFO 开始调用百度接口进行语音合成
2020-08-24 15:53:52,862 aibaidu.py[line:26] INFO 保存生成的mp3文件路径： C:/Users/weiwei/Desktop/语料合成/语料\今天天气怎么样.mp3
2020-08-24 15:53:53,238 aibaidu.py[line:38] INFO 百度接口返回正确，保存成mp3,并返回True
2020-08-24 15:53:54,277 handle.py[line:20] INFO 百度合成语料...青岛天气怎么样

2020-08-24 15:53:54,277 aibaidu.py[line:20] INFO 开始调用百度接口进行语音合成
2020-08-24 15:53:54,277 aibaidu.py[line:26] INFO 保存生成的mp3文件路径： C:/Users/weiwei/Desktop/语料合成/语料\青岛天气怎么样.mp3
2020-08-24 15:53:54,443 aibaidu.py[line:38] INFO 百度接口返回正确，保存成mp3,并返回True
2020-08-24 15:53:55,482 handle.py[line:20] INFO 百度合成语料...西安天气怎么样

2020-08-24 15:53:55,482 aibaidu.py[line:20] INFO 开始调用百度接口进行语音合成
2020-08-24 15:53:55,482 aibaidu.py[line:26] INFO 保存生成的mp3文件路径： C:/Users/weiwei/Desktop/语料合成/语料\西安天气怎么样.mp3
2020-08-24 15:53:55,787 aibaidu.py[line:38] INFO 百度接口返回正确，保存成mp3,并返回True
2020-08-24 15:53:56,830 handle.py[line:28] INFO 语料合成结束，为语料生成txt文件...
2020-08-24 15:53:56,834 handle.py[line:32] INFO txt文件生成完成,语料合成完成
2020-08-24 15:55:49,212 sppech_merge_ui.py[line:38] INFO Excel Path: C:/Users/weiwei/Desktop/语料合成/语料.xlsx
2020-08-24 15:55:52,838 sppech_merge_ui.py[line:49] INFO 结果保存路径： C:/Users/weiwei/Desktop/语料合成/语料
2020-08-24 15:55:54,339 sppech_merge_ui.py[line:57] INFO 点击开始合成按钮，开始语料的合成
2020-08-24 15:55:54,340 sppech_merge_ui.py[line:59] INFO 获取到的Excel路径: C:/Users/weiwei/Desktop/语料合成/语料.xlsx
2020-08-24 15:55:54,340 sppech_merge_ui.py[line:62] INFO 结果保存路径： C:/Users/weiwei/Desktop/语料合成/语料
2020-08-24 15:55:54,359 operate_excel.py[line:47] INFO 结果以字典格式保存：[[2, 1, '今天天气怎么样'], [3, 1, '青岛天气怎么样'], [4, 1, '西安天气怎么样']]
2020-08-24 15:55:54,360 handle.py[line:20] INFO 百度合成语料...今天天气怎么样

2020-08-24 15:55:54,360 aibaidu.py[line:20] INFO 开始调用百度接口进行语音合成
2020-08-24 15:55:54,360 aibaidu.py[line:26] INFO 保存生成的mp3文件路径： C:/Users/weiwei/Desktop/语料合成/语料\今天天气怎么样.mp3
2020-08-24 15:55:54,730 aibaidu.py[line:38] INFO 百度接口返回正确，保存成mp3,并返回True
2020-08-24 15:55:55,771 handle.py[line:20] INFO 百度合成语料...青岛天气怎么样

2020-08-24 15:55:55,771 aibaidu.py[line:20] INFO 开始调用百度接口进行语音合成
2020-08-24 15:55:55,772 aibaidu.py[line:26] INFO 保存生成的mp3文件路径： C:/Users/weiwei/Desktop/语料合成/语料\青岛天气怎么样.mp3
2020-08-24 15:55:55,975 aibaidu.py[line:38] INFO 百度接口返回正确，保存成mp3,并返回True
2020-08-24 15:55:57,017 handle.py[line:20] INFO 百度合成语料...西安天气怎么样

2020-08-24 15:55:57,017 aibaidu.py[line:20] INFO 开始调用百度接口进行语音合成
2020-08-24 15:55:57,017 aibaidu.py[line:26] INFO 保存生成的mp3文件路径： C:/Users/weiwei/Desktop/语料合成/语料\西安天气怎么样.mp3
2020-08-24 15:55:57,234 aibaidu.py[line:38] INFO 百度接口返回正确，保存成mp3,并返回True
2020-08-24 15:55:58,278 handle.py[line:28] INFO 语料合成结束，为语料生成txt文件...
2020-08-24 15:55:58,281 handle.py[line:32] INFO txt文件生成完成,语料合成完成
2020-08-24 16:01:13,345 aibaidu.py[line:20] INFO 开始调用百度接口进行语音合成
2020-08-24 16:01:13,358 aibaidu.py[line:26] INFO 保存生成的mp3文件路径： D:\Python_Project\Speech_merge\Result/你好.mp3
2020-08-24 16:01:13,792 aibaidu.py[line:38] INFO 百度接口返回正确，保存成mp3,并返回True
2020-08-27 17:58:20,017 aibaidu.py[line:21] INFO 开始调用百度接口进行语音合成
2020-08-27 17:58:20,024 aibaidu.py[line:27] INFO 保存生成的mp3文件路径： D:\Python_Project\Speech_merge\Result/你好.mp3
2020-08-27 17:58:20,634 aibaidu.py[line:39] INFO 百度接口返回正确，保存成mp3,并返回True
2020-08-27 17:58:31,799 aibaidu.py[line:21] INFO 开始调用百度接口进行语音合成
2020-08-27 17:58:31,799 aibaidu.py[line:27] INFO 保存生成的mp3文件路径： D:\Python_Project\Speech_merge\Result/你好,小优.mp3
2020-08-27 17:58:32,369 aibaidu.py[line:39] INFO 百度接口返回正确，保存成mp3,并返回True
2020-08-27 17:59:45,284 aibaidu.py[line:21] INFO 开始调用百度接口进行语音合成
2020-08-27 17:59:45,284 aibaidu.py[line:27] INFO 保存生成的mp3文件路径： D:\Python_Project\Speech_merge\Result/你好,小优2.mp3
2020-08-27 17:59:45,616 aibaidu.py[line:39] INFO 百度接口返回正确，保存成mp3,并返回True
2020-08-27 18:08:39,744 aibaidu.py[line:21] INFO 开始调用百度接口进行语音合成
2020-08-27 18:08:39,757 aibaidu.py[line:27] INFO 保存生成的mp3文件路径： D:\Python_Project\Speech_merge\Result/你好,小优0.mp3
2020-08-27 18:08:40,131 aibaidu.py[line:39] INFO 百度接口返回正确，保存成mp3,并返回True
2020-08-27 18:08:56,570 aibaidu.py[line:21] INFO 开始调用百度接口进行语音合成
2020-08-27 18:08:56,571 aibaidu.py[line:27] INFO 保存生成的mp3文件路径： D:\Python_Project\Speech_merge\Result/你好,小优1.mp3
2020-08-27 18:08:56,880 aibaidu.py[line:39] INFO 百度接口返回正确，保存成mp3,并返回True
2020-08-27 18:09:10,372 aibaidu.py[line:21] INFO 开始调用百度接口进行语音合成
2020-08-27 18:09:10,372 aibaidu.py[line:27] INFO 保存生成的mp3文件路径： D:\Python_Project\Speech_merge\Result/你好,小优3.mp3
2020-08-27 18:09:10,684 aibaidu.py[line:39] INFO 百度接口返回正确，保存成mp3,并返回True
2020-08-27 18:09:21,293 aibaidu.py[line:21] INFO 开始调用百度接口进行语音合成
2020-08-27 18:09:21,293 aibaidu.py[line:27] INFO 保存生成的mp3文件路径： D:\Python_Project\Speech_merge\Result/你好,小优4.mp3
2020-08-27 18:09:21,557 aibaidu.py[line:39] INFO 百度接口返回正确，保存成mp3,并返回True
2020-08-27 18:09:47,242 aibaidu.py[line:21] INFO 开始调用百度接口进行语音合成
2020-08-27 18:09:47,242 aibaidu.py[line:27] INFO 保存生成的mp3文件路径： D:\Python_Project\Speech_merge\Result/你好,小优，5003.mp3
2020-08-27 18:09:47,959 aibaidu.py[line:39] INFO 百度接口返回正确，保存成mp3,并返回True
2020-08-27 18:11:09,220 aibaidu.py[line:21] INFO 开始调用百度接口进行语音合成
2020-08-27 18:11:09,220 aibaidu.py[line:27] INFO 保存生成的mp3文件路径： D:\Python_Project\Speech_merge\Result/你好,小优，0.mp3
2020-08-27 18:11:09,560 aibaidu.py[line:39] INFO 百度接口返回正确，保存成mp3,并返回True
2020-08-27 18:11:18,501 aibaidu.py[line:21] INFO 开始调用百度接口进行语音合成
2020-08-27 18:11:18,502 aibaidu.py[line:27] INFO 保存生成的mp3文件路径： D:\Python_Project\Speech_merge\Result/你好,小优，1.mp3
2020-08-27 18:11:18,852 aibaidu.py[line:39] INFO 百度接口返回正确，保存成mp3,并返回True
2020-08-27 18:11:26,867 aibaidu.py[line:21] INFO 开始调用百度接口进行语音合成
2020-08-27 18:11:26,868 aibaidu.py[line:27] INFO 保存生成的mp3文件路径： D:\Python_Project\Speech_merge\Result/你好,小优，3.mp3
2020-08-27 18:11:27,157 aibaidu.py[line:39] INFO 百度接口返回正确，保存成mp3,并返回True
2020-08-27 18:11:34,921 aibaidu.py[line:21] INFO 开始调用百度接口进行语音合成
2020-08-27 18:11:34,921 aibaidu.py[line:27] INFO 保存生成的mp3文件路径： D:\Python_Project\Speech_merge\Result/你好,小优，4.mp3
2020-08-27 18:11:35,196 aibaidu.py[line:39] INFO 百度接口返回正确，保存成mp3,并返回True
2020-08-27 18:12:52,558 aibaidu.py[line:21] INFO 开始调用百度接口进行语音合成
2020-08-27 18:12:52,558 aibaidu.py[line:27] INFO 保存生成的mp3文件路径： D:\Python_Project\Speech_merge\Result/你好,小优，4.mp3
2020-08-27 18:12:53,399 aibaidu.py[line:40] INFO 百度接口返回正确，保存成mp3,并返回True
2020-08-27 18:14:01,138 aibaidu.py[line:21] INFO 开始调用百度接口进行语音合成
2020-08-27 18:14:01,138 aibaidu.py[line:27] INFO 保存生成的mp3文件路径： D:\Python_Project\Speech_merge\Result/你好,小优，4.mp3
2020-08-27 18:14:01,463 aibaidu.py[line:40] INFO 百度接口返回正确，保存成mp3,并返回True
2020-08-27 18:14:11,220 aibaidu.py[line:21] INFO 开始调用百度接口进行语音合成
2020-08-27 18:14:11,220 aibaidu.py[line:27] INFO 保存生成的mp3文件路径： D:\Python_Project\Speech_merge\Result/你好,小优，4.wav
2020-08-27 18:14:11,736 aibaidu.py[line:40] INFO 百度接口返回正确，保存成mp3,并返回True
2020-08-27 18:14:32,980 aibaidu.py[line:21] INFO 开始调用百度接口进行语音合成
2020-08-27 18:14:32,981 aibaidu.py[line:27] INFO 保存生成的mp3文件路径： D:\Python_Project\Speech_merge\Result/你好,小优，4.wav
2020-08-27 18:14:33,271 aibaidu.py[line:40] INFO 百度接口返回正确，保存成mp3,并返回True
2020-08-27 18:14:57,795 aibaidu.py[line:21] INFO 开始调用百度接口进行语音合成
2020-08-27 18:14:57,795 aibaidu.py[line:27] INFO 保存生成的mp3文件路径： D:\Python_Project\Speech_merge\Result/你好,小优，5118.wav
2020-08-27 18:14:58,087 aibaidu.py[line:40] INFO 百度接口返回正确，保存成mp3,并返回True
2020-08-27 18:15:41,207 aibaidu.py[line:21] INFO 开始调用百度接口进行语音合成
2020-08-27 18:15:41,207 aibaidu.py[line:27] INFO 保存生成的mp3文件路径： D:\Python_Project\Speech_merge\Result/你好,小优，106.wav
2020-08-27 18:15:41,516 aibaidu.py[line:40] INFO 百度接口返回正确，保存成mp3,并返回True
2020-09-07 10:50:44,680 aibaidu.py[line:21] INFO 开始调用百度接口进行语音合成
2020-09-07 10:50:44,693 aibaidu.py[line:27] INFO 保存生成的mp3文件路径： D:\Python_Project\Speech_merge\Result/你好,小优，106.wav
2020-09-07 10:50:45,103 aibaidu.py[line:40] INFO 百度接口返回正确，保存成mp3,并返回True
2020-09-07 10:59:15,765 sppech_merge_ui.py[line:38] INFO Excel Path: 
2020-09-07 10:59:49,671 sppech_merge_ui.py[line:38] INFO Excel Path: C:/Users/weiwei/Desktop/语料合成/语料.xlsx
2020-09-07 10:59:54,077 sppech_merge_ui.py[line:49] INFO 结果保存路径： C:/Users/weiwei/Desktop/语料合成/语料
2020-09-07 10:59:55,306 sppech_merge_ui.py[line:57] INFO 点击开始合成按钮，开始语料的合成
2020-09-07 10:59:55,307 sppech_merge_ui.py[line:59] INFO 获取到的Excel路径: C:/Users/weiwei/Desktop/语料合成/语料.xlsx
2020-09-07 10:59:55,398 sppech_merge_ui.py[line:62] INFO 结果保存路径： C:/Users/weiwei/Desktop/语料合成/语料
2020-09-07 10:59:55,420 operate_excel.py[line:47] INFO 结果以字典格式保存：[[2, 1, '今天天气怎么样'], [3, 1, '青岛天气怎么样'], [4, 1, '西安天气怎么样']]
2020-09-07 10:59:55,420 handle.py[line:20] INFO 百度合成语料...今天天气怎么样

2020-09-07 10:59:55,420 aibaidu.py[line:21] INFO 开始调用百度接口进行语音合成
2020-09-07 10:59:55,421 aibaidu.py[line:27] INFO 保存生成的mp3文件路径： C:/Users/weiwei/Desktop/语料合成/语料\今天天气怎么样.wav
2020-09-07 10:59:55,729 aibaidu.py[line:40] INFO 百度接口返回正确，保存成mp3,并返回True
2020-09-07 10:59:56,781 handle.py[line:20] INFO 百度合成语料...青岛天气怎么样

2020-09-07 10:59:56,781 aibaidu.py[line:21] INFO 开始调用百度接口进行语音合成
2020-09-07 10:59:56,781 aibaidu.py[line:27] INFO 保存生成的mp3文件路径： C:/Users/weiwei/Desktop/语料合成/语料\青岛天气怎么样.wav
2020-09-07 10:59:56,951 aibaidu.py[line:40] INFO 百度接口返回正确，保存成mp3,并返回True
2020-09-07 10:59:58,010 handle.py[line:20] INFO 百度合成语料...西安天气怎么样

2020-09-07 10:59:58,010 aibaidu.py[line:21] INFO 开始调用百度接口进行语音合成
2020-09-07 10:59:58,010 aibaidu.py[line:27] INFO 保存生成的mp3文件路径： C:/Users/weiwei/Desktop/语料合成/语料\西安天气怎么样.wav
2020-09-07 10:59:58,175 aibaidu.py[line:40] INFO 百度接口返回正确，保存成mp3,并返回True
2020-09-07 10:59:59,238 handle.py[line:28] INFO 语料合成结束，为语料生成txt文件...
2020-09-07 10:59:59,259 handle.py[line:32] INFO txt文件生成完成,语料合成完成
